Performing C SOURCE FILE Test CMAKE_HAVE_LIBC_PTHREAD failed with the following output:
Change Dir: /home/park/Workspace/interactive_pyramid_hologram/3d_renderer/build/CMakeFiles/CMakeTmp

Run Build Command(s):/usr/bin/gmake cmTC_8a88e/fast && /usr/bin/gmake  -f CMakeFiles/cmTC_8a88e.dir/build.make CMakeFiles/cmTC_8a88e.dir/build
gmake[1]: Entering directory '/home/park/Workspace/interactive_pyramid_hologram/3d_renderer/build/CMakeFiles/CMakeTmp'
Building C object CMakeFiles/cmTC_8a88e.dir/src.c.o
/usr/bin/cc   -DCMAKE_HAVE_LIBC_PTHREAD -o CMakeFiles/cmTC_8a88e.dir/src.c.o -c /home/park/Workspace/interactive_pyramid_hologram/3d_renderer/build/CMakeFiles/CMakeTmp/src.c
Linking C executable cmTC_8a88e
/usr/bin/cmake -E cmake_link_script CMakeFiles/cmTC_8a88e.dir/link.txt --verbose=1
/usr/bin/cc  -DCMAKE_HAVE_LIBC_PTHREAD -rdynamic CMakeFiles/cmTC_8a88e.dir/src.c.o -o cmTC_8a88e 
/usr/bin/ld: CMakeFiles/cmTC_8a88e.dir/src.c.o: in function `main':
src.c:(.text+0x40): undefined reference to `pthread_create'
/usr/bin/ld: src.c:(.text+0x4c): undefined reference to `pthread_detach'
/usr/bin/ld: src.c:(.text+0x58): undefined reference to `pthread_cancel'
/usr/bin/ld: src.c:(.text+0x68): undefined reference to `pthread_join'
collect2: error: ld returned 1 exit status
gmake[1]: *** [CMakeFiles/cmTC_8a88e.dir/build.make:106: cmTC_8a88e] Error 1
gmake[1]: Leaving directory '/home/park/Workspace/interactive_pyramid_hologram/3d_renderer/build/CMakeFiles/CMakeTmp'
gmake: *** [Makefile:140: cmTC_8a88e/fast] Error 2


Source file was:
#include <pthread.h>

void* test_func(void* data)
{
  return data;
}

int main(void)
{
  pthread_t thread;
  pthread_create(&thread, NULL, test_func, NULL);
  pthread_detach(thread);
  pthread_cancel(thread);
  pthread_join(thread, NULL);
  pthread_atfork(NULL, NULL, NULL);
  pthread_exit(NULL);

  return 0;
}

Determining if the function pthread_create exists in the pthreads failed with the following output:
Change Dir: /home/park/Workspace/interactive_pyramid_hologram/3d_renderer/build/CMakeFiles/CMakeTmp

Run Build Command(s):/usr/bin/gmake cmTC_e29da/fast && /usr/bin/gmake  -f CMakeFiles/cmTC_e29da.dir/build.make CMakeFiles/cmTC_e29da.dir/build
gmake[1]: Entering directory '/home/park/Workspace/interactive_pyramid_hologram/3d_renderer/build/CMakeFiles/CMakeTmp'
Building C object CMakeFiles/cmTC_e29da.dir/CheckFunctionExists.c.o
/usr/bin/cc   -DCHECK_FUNCTION_EXISTS=pthread_create -o CMakeFiles/cmTC_e29da.dir/CheckFunctionExists.c.o -c /usr/share/cmake-3.18/Modules/CheckFunctionExists.c
Linking C executable cmTC_e29da
/usr/bin/cmake -E cmake_link_script CMakeFiles/cmTC_e29da.dir/link.txt --verbose=1
/usr/bin/cc  -DCHECK_FUNCTION_EXISTS=pthread_create -rdynamic CMakeFiles/cmTC_e29da.dir/CheckFunctionExists.c.o -o cmTC_e29da  -lpthreads 
/usr/bin/ld: cannot find -lpthreads
collect2: error: ld returned 1 exit status
gmake[1]: *** [CMakeFiles/cmTC_e29da.dir/build.make:106: cmTC_e29da] Error 1
gmake[1]: Leaving directory '/home/park/Workspace/interactive_pyramid_hologram/3d_renderer/build/CMakeFiles/CMakeTmp'
gmake: *** [Makefile:140: cmTC_e29da/fast] Error 2



